[2026-03-30 13:10:33] [INFO] Server Health Monitor started
[2026-03-30 13:11:54] [INFO] CPU usage is 1% — within safe limits
[2026-03-30 13:11:54] [INFO] Memory usage is 10% — within safe limits
[2026-03-30 13:11:54] [INFO] Disk usage is 1% — within safe limits
[2026-03-30 13:11:54] [INFO] Health check complete — CPU:1% MEM:10% DISK:1%
[2026-03-30 13:12:16] [CONFIG] Thresholds updated — CPU:3% MEM:4% DISK:5%
[2026-03-30 13:14:54] [INFO] CPU usage is 2% — within safe limits
[2026-03-30 13:14:54] [ALERT] Memory usage is 10% — exceeded threshold of 4%
[2026-03-30 13:14:54] [INFO] Disk usage is 1% — within safe limits
[2026-03-30 13:14:54] [INFO] Health check complete — CPU:2% MEM:10% DISK:1%
[2026-03-30 13:15:09] [INFO] Automatic monitoring started with interval: 60s
[2026-03-30 13:15:09] [INFO] CPU usage is % — within safe limits
[2026-03-30 13:15:09] [ALERT] Memory usage is 10% — exceeded threshold of 4%
[2026-03-30 13:15:09] [INFO] Disk usage is 1% — within safe limits
[2026-03-30 13:15:09] [INFO] Health check complete — CPU:% MEM:10% DISK:1%
[2026-03-30 13:16:09] [INFO] CPU usage is % — within safe limits
[2026-03-30 13:16:09] [ALERT] Memory usage is 10% — exceeded threshold of 4%
[2026-03-30 13:16:09] [INFO] Disk usage is 1% — within safe limits
[2026-03-30 13:16:09] [INFO] Health check complete — CPU:% MEM:10% DISK:1%
[2026-03-30 13:17:08] [INFO] CPU usage is 2% — within safe limits
[2026-03-30 13:17:08] [ALERT] Memory usage is 10% — exceeded threshold of 4%
[2026-03-30 13:17:08] [INFO] Disk usage is 1% — within safe limits
[2026-03-30 13:17:08] [INFO] Health check complete — CPU:2% MEM:10% DISK:1%
[2026-03-30 13:17:28] [INFO] Server Health Monitor started
[2026-03-30 13:17:30] [INFO] CPU usage is 1% — within safe limits
[2026-03-30 13:17:30] [INFO] Memory usage is 10% — within safe limits
[2026-03-30 13:17:30] [INFO] Disk usage is 1% — within safe limits
[2026-03-30 13:17:30] [INFO] Health check complete — CPU:1% MEM:10% DISK:1%
[2026-03-30 13:18:08] [INFO] CPU usage is 2% — within safe limits
[2026-03-30 13:18:08] [ALERT] Memory usage is 10% — exceeded threshold of 4%
[2026-03-30 13:18:08] [INFO] Disk usage is 1% — within safe limits
[2026-03-30 13:18:08] [INFO] Health check complete — CPU:2% MEM:10% DISK:1%
[2026-03-30 13:19:09] [INFO] CPU usage is 2% — within safe limits
[2026-03-30 13:19:09] [ALERT] Memory usage is 10% — exceeded threshold of 4%
[2026-03-30 13:19:09] [INFO] Disk usage is 1% — within safe limits
[2026-03-30 13:19:09] [INFO] Health check complete — CPU:2% MEM:10% DISK:1%
[2026-03-30 13:20:09] [INFO] CPU usage is 2% — within safe limits
[2026-03-30 13:20:09] [ALERT] Memory usage is 10% — exceeded threshold of 4%
[2026-03-30 13:20:09] [INFO] Disk usage is 1% — within safe limits
[2026-03-30 13:20:09] [INFO] Health check complete — CPU:2% MEM:10% DISK:1%
[2026-03-30 13:21:09] [ALERT] CPU usage is 4% — exceeded threshold of 3%
[2026-03-30 13:21:09] [ALERT] Memory usage is 10% — exceeded threshold of 4%
[2026-03-30 13:21:09] [INFO] Disk usage is 1% — within safe limits
[2026-03-30 13:21:09] [INFO] Health check complete — CPU:4% MEM:10% DISK:1%
[2026-03-30 13:22:09] [INFO] CPU usage is 1% — within safe limits
[2026-03-30 13:22:09] [ALERT] Memory usage is 10% — exceeded threshold of 4%
[2026-03-30 13:22:09] [INFO] Disk usage is 1% — within safe limits
[2026-03-30 13:22:09] [INFO] Health check complete — CPU:1% MEM:10% DISK:1%
[2026-03-30 13:23:09] [INFO] CPU usage is 3% — within safe limits
[2026-03-30 13:23:10] [ALERT] Memory usage is 10% — exceeded threshold of 4%
[2026-03-30 13:23:10] [INFO] Disk usage is 1% — within safe limits
[2026-03-30 13:23:10] [INFO] Health check complete — CPU:3% MEM:10% DISK:1%
[2026-03-30 13:24:10] [INFO] CPU usage is 1% — within safe limits
[2026-03-30 13:24:10] [ALERT] Memory usage is 10% — exceeded threshold of 4%
[2026-03-30 13:24:10] [INFO] Disk usage is 1% — within safe limits
[2026-03-30 13:24:10] [INFO] Health check complete — CPU:1% MEM:10% DISK:1%
[2026-03-30 13:25:10] [INFO] CPU usage is 1% — within safe limits
[2026-03-30 13:25:10] [ALERT] Memory usage is 10% — exceeded threshold of 4%
[2026-03-30 13:25:10] [INFO] Disk usage is 1% — within safe limits
[2026-03-30 13:25:10] [INFO] Health check complete — CPU:1% MEM:10% DISK:1%
[2026-03-30 13:26:10] [INFO] CPU usage is 2% — within safe limits
[2026-03-30 13:26:10] [ALERT] Memory usage is 10% — exceeded threshold of 4%
[2026-03-30 13:26:10] [INFO] Disk usage is 1% — within safe limits
[2026-03-30 13:26:10] [INFO] Health check complete — CPU:2% MEM:10% DISK:1%
[2026-03-30 13:27:10] [INFO] CPU usage is 2% — within safe limits
[2026-03-30 13:27:10] [ALERT] Memory usage is 10% — exceeded threshold of 4%
[2026-03-30 13:27:10] [INFO] Disk usage is 1% — within safe limits
[2026-03-30 13:27:10] [INFO] Health check complete — CPU:2% MEM:10% DISK:1%
[2026-03-30 13:28:11] [INFO] CPU usage is 1% — within safe limits
[2026-03-30 13:28:11] [ALERT] Memory usage is 10% — exceeded threshold of 4%
[2026-03-30 13:28:11] [INFO] Disk usage is 1% — within safe limits
[2026-03-30 13:28:11] [INFO] Health check complete — CPU:1% MEM:10% DISK:1%
[2026-03-30 13:29:11] [INFO] CPU usage is 1% — within safe limits
[2026-03-30 13:29:11] [ALERT] Memory usage is 10% — exceeded threshold of 4%
[2026-03-30 13:29:11] [INFO] Disk usage is 1% — within safe limits
[2026-03-30 13:29:11] [INFO] Health check complete — CPU:1% MEM:10% DISK:1%
